<?xml version="1.0" encoding="UTF-8"?>
<testsuite xmlns:xsi="http://www.w3.org/2001/XMLSchema-instance" xsi:noNamespaceSchemaLocation="https://maven.apache.org/surefire/maven-surefire-plugin/xsd/surefire-test-report.xsd" name="com.helloword.helloword.HellowordApplicationTests" time="1.916" tests="2" errors="0" skipped="0" failures="0">
  <properties>
[...]
</properties>
  <testcase name="AssertHelloWorld" classname="com.helloword.helloword.HellowordApplicationTests" time="0.551"/>
  <testcase name="contextLoads" classname="com.helloword.helloword.HellowordApplicationTests" time="0.002"/>
</testsuite>